生成启动时间为 2016/01/02 19:54:09。
     1>项目“F:\QtStudy\MasterQt4Programming\src\chapter11\startThread_2\src\startThread.vcxproj”在节点 2 上(build 个目标)。
     1>C:\Program Files (x86)\MSBuild\Microsoft.Cpp\v4.0\Microsoft.CppBuild.targets(298,5): warning MSB8004: Intermediate 目录未以斜杠结尾。此生成实例将添加斜杠，因为必须有这个斜杠才能正确计算 Intermediate 目录。
     1>InitializeBuildStatus:
         正在创建“Win32\Debug\startThread.unsuccessfulbuild”，因为已指定“AlwaysCreate”。
       CustomBuild:
         所有输出均为最新。
       ClCompile:
         D:\Program Files (x86)\Microsoft Visual Studio 10.0\VC\bin\CL.exe /c /ID:\Qt\4.8.3\include\QtCore /ID:\Qt\4.8.3\include\QtNetwork /ID:\Qt\4.8.3\include\QtGui /ID:\Qt\4.8.3\include /ID:\Qt\4.8.3\include\ActiveQt /Idebug /I"d:\Qt\4.8.3\mkspecs\win32-msvc2010" /Zi /nologo /W3 /WX- /Od /Oy- /D _WINDOWS /D UNICODE /D WIN32 /D QT_LARGEFILE_SUPPORT /D QT_DLL /D QT_GUI_LIB /D QT_NETWORK_LIB /D QT_CORE_LIB /D QT_HAVE_MMX /D QT_HAVE_3DNOW /D QT_HAVE_SSE /D QT_HAVE_MMXEXT /D QT_HAVE_SSE2 /D QT_THREAD_SUPPORT /Gm- /EHsc /MDd /GS- /fp:precise /Zc:wchar_t- /Zc:forScope /GR /Fo"Win32\Debug\\" /Fd"Win32\Debug\vc100.pdb" /Gd /TP /analyze- /errorReport:prompt dialog.cpp -Zm200 -w34100 -w34189 
         dialog.cpp
     1>dialog.cpp(33): warning C4189: “b”: 局部变量已初始化但不引用
     1>dialog.cpp(34): warning C4189: “j”: 局部变量已初始化但不引用
       Link:
         D:\Program Files (x86)\Microsoft Visual Studio 10.0\VC\bin\link.exe /ERRORREPORT:PROMPT /OUT:"bin\\startThread.exe" /NOLOGO /LIBPATH:D:\Qt\4.8.3\lib /LIBPATH:d:\Qt\4.8.3\lib D:\Qt\4.8.3\lib\qtmaind.lib D:\Qt\4.8.3\lib\QtGuid4.lib D:\Qt\4.8.3\lib\QtNetworkd4.lib D:\Qt\4.8.3\lib\QtCored4.lib kernel32.lib user32.lib gdi32.lib winspool.lib comdlg32.lib advapi32.lib shell32.lib ole32.lib oleaut32.lib uuid.lib odbc32.lib odbccp32.lib /MANIFEST /ManifestFile:"Win32\Debug\startThread.exe.intermediate.manifest" /MANIFESTUAC:"level='asInvoker' uiAccess='false'" /DEBUG /PDB:"F:\QtStudy\MasterQt4Programming\src\chapter11\startThread_2\src\bin\startThread.pdb" /SUBSYSTEM:WINDOWS /TLBID:1 /DYNAMICBASE /NXCOMPAT /MACHINE:X86 Win32\Debug\dialog.obj
         Win32\Debug\moc_dialog.obj
         Win32\Debug\moc_workThread.obj
         Win32\Debug\main.obj
         Win32\Debug\workThread.obj "/MANIFESTDEPENDENCY:type='win32' name='Microsoft.Windows.Common-Controls' version='6.0.0.0' publicKeyToken='6595b64144ccf1df' language='*' processorArchitecture='*'" 
         LINK : 没有找到 bin\\startThread.exe 或上一个增量链接没有生成它；正在执行完全链接
         startThread.vcxproj -> F:\QtStudy\MasterQt4Programming\src\chapter11\startThread_2\src\bin\startThread.exe
       Manifest:
         C:\Program Files (x86)\Microsoft SDKs\Windows\v7.0A\bin\mt.exe /nologo /verbose /outputresource:"bin\\startThread.exe;#1" /manifest Win32\Debug\startThread.exe.intermediate.manifest
       FinalizeBuildStatus:
         正在删除文件“Win32\Debug\startThread.unsuccessfulbuild”。
         正在对“Win32\Debug\startThread.lastbuildstate”执行 Touch 任务。
     1>已完成生成项目“F:\QtStudy\MasterQt4Programming\src\chapter11\startThread_2\src\startThread.vcxproj”(build 个目标)的操作。

生成成功。

已用时间 00:00:04.64
