bin\startThread.pdb
F:\QTSTUDY\MASTERQT4PROGRAMMING\SRC\CHAPTER11\STARTTHREAD\SRC\BIN\STARTTHREAD.EXE
F:\QTSTUDY\MASTERQT4PROGRAMMING\SRC\CHAPTER11\STARTTHREAD\SRC\GENERATEDFILES\DEBUG\MOC_DIALOG.CPP
F:\QtStudy\MasterQt4Programming\src\chapter11\startThread\src\Win32\Debug\cl.command.1.tlog
F:\QtStudy\MasterQt4Programming\src\chapter11\startThread\src\Win32\Debug\CL.read.1.tlog
F:\QtStudy\MasterQt4Programming\src\chapter11\startThread\src\Win32\Debug\CL.write.1.tlog
F:\QtStudy\MasterQt4Programming\src\chapter11\startThread\src\Win32\Debug\custombuild.command.1.tlog
F:\QtStudy\MasterQt4Programming\src\chapter11\startThread\src\Win32\Debug\custombuild.read.1.tlog
F:\QtStudy\MasterQt4Programming\src\chapter11\startThread\src\Win32\Debug\custombuild.write.1.tlog
F:\QTSTUDY\MASTERQT4PROGRAMMING\SRC\CHAPTER11\STARTTHREAD\SRC\WIN32\DEBUG\DIALOG.OBJ
F:\QtStudy\MasterQt4Programming\src\chapter11\startThread\src\Win32\Debug\link.command.1.tlog
F:\QtStudy\MasterQt4Programming\src\chapter11\startThread\src\Win32\Debug\link.read.1.tlog
F:\QtStudy\MasterQt4Programming\src\chapter11\startThread\src\Win32\Debug\link.write.1.tlog
F:\QTSTUDY\MASTERQT4PROGRAMMING\SRC\CHAPTER11\STARTTHREAD\SRC\WIN32\DEBUG\MAIN.OBJ
F:\QTSTUDY\MASTERQT4PROGRAMMING\SRC\CHAPTER11\STARTTHREAD\SRC\WIN32\DEBUG\MOC_DIALOG.OBJ
F:\QtStudy\MasterQt4Programming\src\chapter11\startThread\src\Win32\Debug\mt.command.1.tlog
F:\QtStudy\MasterQt4Programming\src\chapter11\startThread\src\Win32\Debug\mt.read.1.tlog
F:\QtStudy\MasterQt4Programming\src\chapter11\startThread\src\Win32\Debug\mt.read.2.tlog
F:\QtStudy\MasterQt4Programming\src\chapter11\startThread\src\Win32\Debug\mt.write.1.tlog
F:\QtStudy\MasterQt4Programming\src\chapter11\startThread\src\Win32\Debug\startThread.exe.intermediate.manifest
F:\QtStudy\MasterQt4Programming\src\chapter11\startThread\src\Win32\Debug\startThread.vcxprojResolveAssemblyReference.cache
F:\QtStudy\MasterQt4Programming\src\chapter11\startThread\src\Win32\Debug\startThread.write.1.tlog
F:\QTSTUDY\MASTERQT4PROGRAMMING\SRC\CHAPTER11\STARTTHREAD\SRC\WIN32\DEBUG\VC100.PDB
F:\QTSTUDY\MASTERQT4PROGRAMMING\SRC\CHAPTER11\STARTTHREAD\SRC\WIN32\DEBUG\WORKTHREAD.OBJ
